------------------------------------------------------------------------------------------------------------------------

[2020-11-06 13:48:26 #1 store] 
Database 'C:\Users\Mikel Iturria\eclipse\TERCERO\WS\Bets01_2021\src\main\resources\bets.temp' is opened by 1148@DESKTOP-S2ST51D

[2020-11-06 13:48:26 #2 type.registry] 
New type domain.Question

[2020-11-06 13:48:26 #3 type] 
Type domain.Question is not enhanced.

[2020-11-06 13:48:26 #4 type.registry] 
New type domain.Event

[2020-11-06 13:48:26 #5 type] 
Type domain.Event is not enhanced.

[2020-11-06 13:48:26 #6 type.registry] 
New type java.util.Vector<domain.Question>

[2020-11-06 13:48:26 #7 type.registry] 
New type domain.User

[2020-11-06 13:48:26 #8 type] 
Type domain.User is not enhanced.

[2020-11-06 13:48:26 #9 type.registry] 
New type domain.Bet

[2020-11-06 13:48:26 #10 type.registry] 
New type java.util.Vector<domain.Bet>

[2020-11-06 13:48:26 #11 type] 
Type domain.Bet is not enhanced.

[2020-11-06 13:48:26 #12 type.registry] 
New type java.util.Vector<java.lang.Object>

